                                                                                      [1 [2 [3 4 25 6] 7] 8] [dup mul] [dip dip infra dip infra dip infra] • [[] ccons] step i
                                                                           [1 [2 [3 4 25 6] 7] 8] [dup mul] [dip dip infra dip infra dip infra] [[] ccons] • step i
                                                                           [1 [2 [3 4 25 6] 7] 8] [dup mul] [dip dip infra dip infra dip infra] [[] ccons] • [_step0] x i
                                                                  [1 [2 [3 4 25 6] 7] 8] [dup mul] [dip dip infra dip infra dip infra] [[] ccons] [_step0] • x i
                                                                  [1 [2 [3 4 25 6] 7] 8] [dup mul] [dip dip infra dip infra dip infra] [[] ccons] [_step0] • _step0 i
                                                                  [1 [2 [3 4 25 6] 7] 8] [dup mul] [dip dip infra dip infra dip infra] [[] ccons] [_step0] • _step1 [popopop] [_stept] branch i
                                                                  [1 [2 [3 4 25 6] 7] 8] [dup mul] [dip dip infra dip infra dip infra] [[] ccons] [_step0] • [?] dipd roll< [popopop] [_stept] branch i
                                                              [1 [2 [3 4 25 6] 7] 8] [dup mul] [dip dip infra dip infra dip infra] [[] ccons] [_step0] [?] • dipd roll< [popopop] [_stept] branch i
                                                                                      [1 [2 [3 4 25 6] 7] 8] [dup mul] [dip dip infra dip infra dip infra] • ? [[] ccons] [_step0] roll< [popopop] [_stept] branch i
                                                                                      [1 [2 [3 4 25 6] 7] 8] [dup mul] [dip dip infra dip infra dip infra] • dup bool [[] ccons] [_step0] roll< [popopop] [_stept] branch i
                                                  [1 [2 [3 4 25 6] 7] 8] [dup mul] [dip dip infra dip infra dip infra] [dip dip infra dip infra dip infra] • bool [[] ccons] [_step0] roll< [popopop] [_stept] branch i
                                                                                 [1 [2 [3 4 25 6] 7] 8] [dup mul] [dip dip infra dip infra dip infra] true • [[] ccons] [_step0] roll< [popopop] [_stept] branch i
                                                                      [1 [2 [3 4 25 6] 7] 8] [dup mul] [dip dip infra dip infra dip infra] true [[] ccons] • [_step0] roll< [popopop] [_stept] branch i
                                                             [1 [2 [3 4 25 6] 7] 8] [dup mul] [dip dip infra dip infra dip infra] true [[] ccons] [_step0] • roll< [popopop] [_stept] branch i
                                                             [1 [2 [3 4 25 6] 7] 8] [dup mul] [dip dip infra dip infra dip infra] [[] ccons] [_step0] true • [popopop] [_stept] branch i
                                                   [1 [2 [3 4 25 6] 7] 8] [dup mul] [dip dip infra dip infra dip infra] [[] ccons] [_step0] true [popopop] • [_stept] branch i
                                          [1 [2 [3 4 25 6] 7] 8] [dup mul] [dip dip infra dip infra dip infra] [[] ccons] [_step0] true [popopop] [_stept] • branch i
                                                                  [1 [2 [3 4 25 6] 7] 8] [dup mul] [dip dip infra dip infra dip infra] [[] ccons] [_step0] • _stept i
                                                                  [1 [2 [3 4 25 6] 7] 8] [dup mul] [dip dip infra dip infra dip infra] [[] ccons] [_step0] • [uncons] dipd [dupdipd] dip x i
                                                         [1 [2 [3 4 25 6] 7] 8] [dup mul] [dip dip infra dip infra dip infra] [[] ccons] [_step0] [uncons] • dipd [dupdipd] dip x i
                                                                                      [1 [2 [3 4 25 6] 7] 8] [dup mul] [dip dip infra dip infra dip infra] • uncons [[] ccons] [_step0] [dupdipd] dip x i
                                                                                      [1 [2 [3 4 25 6] 7] 8] [dup mul] [dip dip infra dip infra dip infra] • [first] [rest] cleave [[] ccons] [_step0] [dupdipd] dip x i
                                                                              [1 [2 [3 4 25 6] 7] 8] [dup mul] [dip dip infra dip infra dip infra] [first] • [rest] cleave [[] ccons] [_step0] [dupdipd] dip x i
                                                                       [1 [2 [3 4 25 6] 7] 8] [dup mul] [dip dip infra dip infra dip infra] [first] [rest] • cleave [[] ccons] [_step0] [dupdipd] dip x i
                                                                       [1 [2 [3 4 25 6] 7] 8] [dup mul] [dip dip infra dip infra dip infra] [first] [rest] • fork popdd [[] ccons] [_step0] [dupdipd] dip x i
                                                                       [1 [2 [3 4 25 6] 7] 8] [dup mul] [dip dip infra dip infra dip infra] [first] [rest] • [i] app2 popdd [[] ccons] [_step0] [dupdipd] dip x i
                                                                   [1 [2 [3 4 25 6] 7] 8] [dup mul] [dip dip infra dip infra dip infra] [first] [rest] [i] • app2 popdd [[] ccons] [_step0] [dupdipd] dip x i
   [1 [2 [3 4 25 6] 7] 8] [dup mul] [dip dip infra dip infra dip infra] [[first] [dip dip infra dip infra dip infra] [dup mul] [1 [2 [3 4 25 6] 7] 8]] [i] • infra first [[rest] [dip dip infra dip infra dip infra] [dup mul] [1 [2 [3 4 25 6] 7] 8]] [i] infra first popdd [[] ccons] [_step0] [dupdipd] dip x i
                                                                              [1 [2 [3 4 25 6] 7] 8] [dup mul] [dip dip infra dip infra dip infra] [first] • i [[dip dip infra dip infra dip infra] [dup mul] [1 [2 [3 4 25 6] 7] 8]] swaack first [[rest] [dip dip infra dip infra dip infra] [dup mul] [1 [2 [3 4 25 6] 7] 8]] [i] infra first popdd [[] ccons] [_step0] [dupdipd] dip x i
                                                                                      [1 [2 [3 4 25 6] 7] 8] [dup mul] [dip dip infra dip infra dip infra] • first [[dip dip infra dip infra dip infra] [dup mul] [1 [2 [3 4 25 6] 7] 8]] swaack first [[rest] [dip dip infra dip infra dip infra] [dup mul] [1 [2 [3 4 25 6] 7] 8]] [i] infra first popdd [[] ccons] [_step0] [dupdipd] dip x i
                                                                                                                      [1 [2 [3 4 25 6] 7] 8] [dup mul] dip • [[dip dip infra dip infra dip infra] [dup mul] [1 [2 [3 4 25 6] 7] 8]] swaack first [[rest] [dip dip infra dip infra dip infra] [dup mul] [1 [2 [3 4 25 6] 7] 8]] [i] infra first popdd [[] ccons] [_step0] [dupdipd] dip x i
                                               [1 [2 [3 4 25 6] 7] 8] [dup mul] dip [[dip dip infra dip infra dip infra] [dup mul] [1 [2 [3 4 25 6] 7] 8]] • swaack first [[rest] [dip dip infra dip infra dip infra] [dup mul] [1 [2 [3 4 25 6] 7] 8]] [i] infra first popdd [[] ccons] [_step0] [dupdipd] dip x i
                                               [1 [2 [3 4 25 6] 7] 8] [dup mul] [dip dip infra dip infra dip infra] [dip [dup mul] [1 [2 [3 4 25 6] 7] 8]] • first [[rest] [dip dip infra dip infra dip infra] [dup mul] [1 [2 [3 4 25 6] 7] 8]] [i] infra first popdd [[] ccons] [_step0] [dupdipd] dip x i
                                                                                  [1 [2 [3 4 25 6] 7] 8] [dup mul] [dip dip infra dip infra dip infra] dip • [[rest] [dip dip infra dip infra dip infra] [dup mul] [1 [2 [3 4 25 6] 7] 8]] [i] infra first popdd [[] ccons] [_step0] [dupdipd] dip x i
    [1 [2 [3 4 25 6] 7] 8] [dup mul] [dip dip infra dip infra dip infra] dip [[rest] [dip dip infra dip infra dip infra] [dup mul] [1 [2 [3 4 25 6] 7] 8]] • [i] infra first popdd [[] ccons] [_step0] [dupdipd] dip x i
[1 [2 [3 4 25 6] 7] 8] [dup mul] [dip dip infra dip infra dip infra] dip [[rest] [dip dip infra dip infra dip infra] [dup mul] [1 [2 [3 4 25 6] 7] 8]] [i] • infra first popdd [[] ccons] [_step0] [dupdipd] dip x i
                                                                               [1 [2 [3 4 25 6] 7] 8] [dup mul] [dip dip infra dip infra dip infra] [rest] • i [dip [dip dip infra dip infra dip infra] [dup mul] [1 [2 [3 4 25 6] 7] 8]] swaack first popdd [[] ccons] [_step0] [dupdipd] dip x i
                                                                                      [1 [2 [3 4 25 6] 7] 8] [dup mul] [dip dip infra dip infra dip infra] • rest [dip [dip dip infra dip infra dip infra] [dup mul] [1 [2 [3 4 25 6] 7] 8]] swaack first popdd [[] ccons] [_step0] [dupdipd] dip x i
                                                                                          [1 [2 [3 4 25 6] 7] 8] [dup mul] [dip infra dip infra dip infra] • [dip [dip dip infra dip infra dip infra] [dup mul] [1 [2 [3 4 25 6] 7] 8]] swaack first popdd [[] ccons] [_step0] [dupdipd] dip x i
               [1 [2 [3 4 25 6] 7] 8] [dup mul] [dip infra dip infra dip infra] [dip [dip dip infra dip infra dip infra] [dup mul] [1 [2 [3 4 25 6] 7] 8]] • swaack first popdd [[] ccons] [_step0] [dupdipd] dip x i
               [1 [2 [3 4 25 6] 7] 8] [dup mul] [dip dip infra dip infra dip infra] dip [[dip infra dip infra dip infra] [dup mul] [1 [2 [3 4 25 6] 7] 8]] • first popdd [[] ccons] [_step0] [dupdipd] dip x i
                                                  [1 [2 [3 4 25 6] 7] 8] [dup mul] [dip dip infra dip infra dip infra] dip [dip infra dip infra dip infra] • popdd [[] ccons] [_step0] [dupdipd] dip x i
                                                  [1 [2 [3 4 25 6] 7] 8] [dup mul] [dip dip infra dip infra dip infra] dip [dip infra dip infra dip infra] • [pop] dipd [[] ccons] [_step0] [dupdipd] dip x i
                                            [1 [2 [3 4 25 6] 7] 8] [dup mul] [dip dip infra dip infra dip infra] dip [dip infra dip infra dip infra] [pop] • dipd [[] ccons] [_step0] [dupdipd] dip x i
                                                                                      [1 [2 [3 4 25 6] 7] 8] [dup mul] [dip dip infra dip infra dip infra] • pop dip [dip infra dip infra dip infra] [[] ccons] [_step0] [dupdipd] dip x i
                                                                                                                          [1 [2 [3 4 25 6] 7] 8] [dup mul] • dip [dip infra dip infra dip infra] [[] ccons] [_step0] [dupdipd] dip x i
                                                                                                                                                           • dup mul [1 [2 [3 4 25 6] 7] 8] [dip infra dip infra dip infra] [[] ccons] [_step0] [dupdipd] dip x i
-------------------------------------------------------------------------
not enough values to unpack (expected 2, got 0)
?
_step0
_step1
_stept
cleave
fork
grba
infrst
popdd
step
uncons
